{
  "RSpec": {
    "coverage": {
      "/Users/g/dev/repos/blackjack-rb/lib/card.rb": {
        "lines": [
          1,
          1,
          1,
          null,
          1,
          314,
          314,
          314,
          314,
          null,
          null,
          1,
          null,
          5,
          null,
          null,
          1,
          2,
          null,
          null,
          null
        ]
      },
      "/Users/g/dev/repos/blackjack-rb/lib/deck.rb": {
        "lines": [
          1,
          null,
          1,
          null,
          1,
          1,
          1,
          1,
          1,
          null,
          1,
          null,
          null,
          null,
          null,
          null,
          1,
          6,
          null,
          null,
          1,
          6,
          6,
          24,
          312,
          312,
          312,
          null,
          null,
          6,
          null,
          null,
          1,
          1,
          null,
          null,
          null
        ]
      },
      "/Users/g/dev/repos/blackjack-rb/spec/deck_spec.rb": {
        "lines": [
          1,
          1,
          1,
          null,
          1,
          3,
          null,
          1,
          1,
          1,
          null,
          null,
          1,
          1,
          1,
          1,
          null,
          null
        ]
      },
      "/Users/g/dev/repos/blackjack-rb/spec/hand_spec.rb": {
        "lines": [
          1,
          1,
          1,
          1,
          null,
          1,
          3,
          3,
          3,
          null,
          1,
          1,
          1,
          1,
          1,
          1,
          null,
          null,
          1,
          1,
          1,
          1,
          null,
          null
        ]
      },
      "/Users/g/dev/repos/blackjack-rb/lib/hand.rb": {
        "lines": [
          1,
          1,
          null,
          1,
          5,
          null,
          null,
          1,
          1,
          1,
          2,
          null,
          1,
          null,
          null,
          1,
          11,
          null,
          null,
          1,
          0,
          null,
          null
        ]
      },
      "/Users/g/dev/repos/blackjack-rb/spec/player_spec.rb": {
        "lines": [
          1,
          1,
          null,
          1,
          4,
          3,
          null,
          1,
          1,
          null,
          null,
          1,
          1,
          1,
          1,
          null,
          null,
          1,
          53,
          1,
          1,
          1,
          1,
          null,
          null,
          null
        ]
      },
      "/Users/g/dev/repos/blackjack-rb/lib/player.rb": {
        "lines": [
          null,
          1,
          1,
          1,
          null,
          1,
          3,
          3,
          3,
          3,
          null,
          null,
          1,
          null,
          3,
          2,
          2,
          1,
          null,
          null,
          3,
          null,
          null,
          1,
          3,
          null,
          null,
          1,
          0,
          null,
          null,
          1,
          0,
          null,
          null,
          1,
          2,
          null,
          null
        ]
      }
    },
    "timestamp": 1682613954
  }
}
